<?xml version="1.0" encoding="UTF-8"?>
<testng-results skipped="0" failed="0" ignored="0" total="1" passed="1">
  <reporter-output>
  </reporter-output>
  <suite name="Default suite" duration-ms="13009" started-at="2020-03-13T19:27:01 IST" finished-at="2020-03-13T19:27:14 IST">
    <groups>
    </groups>
    <test name="Default test" duration-ms="13009" started-at="2020-03-13T19:27:01 IST" finished-at="2020-03-13T19:27:14 IST">
      <class name="testCases.LoginPagewithoutFindbyandFindElementsTest">
        <test-method status="PASS" signature="SignedIn()[pri:0, instance:testCases.LoginPagewithoutFindbyandFindElementsTest@47ef968d]" name="SignedIn" duration-ms="12925" started-at="2020-03-13T19:27:01 IST" finished-at="2020-03-13T19:27:14 IST">
          <reporter-output>
          </reporter-output>
        </test-method> <!-- SignedIn -->
      </class> <!-- testCases.LoginPagewithoutFindbyandFindElementsTest -->
    </test> <!-- Default test -->
  </suite> <!-- Default suite -->
</testng-results>
